app/build/intermediates/manifest_merge_blame_file/debug/manifest-merger-blame-debug-report.txt
1<?xml version="1.0" encoding="utf-8"?>
2<manifest xmlns:android="http://schemas.android.com/apk/res/android"
3    package="com.example.worldnewsapp"
4    android:versionCode="1"
5    android:versionName="1.0" >
6
7    <uses-sdk
8        android:minSdkVersion="21"
8-->src\main\AndroidManifest.xml
9        android:targetSdkVersion="29" />
9-->src\main\AndroidManifest.xml
10
11    <!-- permission....................... -->
12    <uses-permission android:name="android.permission.INTERNET" />
12-->src\main\AndroidManifest.xml:8:5-67
12-->src\main\AndroidManifest.xml:8:22-64
13    <uses-permission android:name="android.permission.ACCESS_NETWORK_STATE" />
13-->src\main\AndroidManifest.xml:9:5-79
13-->src\main\AndroidManifest.xml:9:22-76
14    <uses-permission android:name="android.permission.ACCESS_WIFI_STATE" />
14-->src\main\AndroidManifest.xml:10:5-76
14-->src\main\AndroidManifest.xml:10:22-73
15    <uses-permission android:name="android.permission.WRITE_EXTERNAL_STORAGE" />
15-->src\main\AndroidManifest.xml:11:5-81
15-->src\main\AndroidManifest.xml:11:22-78
16
17    <!-- This permission is required to start foreground services in Android P. -->
18    <uses-permission android:name="android.permission.FOREGROUND_SERVICE" />
18-->[com.google.android.gms:play-services-cast-framework:16.1.2] AndroidManifest.xml:7:5-77
18-->[com.google.android.gms:play-services-cast-framework:16.1.2] AndroidManifest.xml:7:22-74
19    <uses-permission android:name="android.permission.WAKE_LOCK" />
19-->[com.google.firebase:firebase-measurement-connector-impl:17.0.2] AndroidManifest.xml:24:5-68
19-->[com.google.firebase:firebase-measurement-connector-impl:17.0.2] AndroidManifest.xml:24:22-65
20    <uses-permission android:name="com.google.android.finsky.permission.BIND_GET_INSTALL_REFERRER_SERVICE" /> <!-- Required by older versions of Google Play services to create IID tokens -->
20-->[com.google.firebase:firebase-analytics:16.0.4] AndroidManifest.xml:26:5-110
20-->[com.google.firebase:firebase-analytics:16.0.4] AndroidManifest.xml:26:22-107
21    <uses-permission android:name="com.google.android.c2dm.permission.RECEIVE" />
21-->[com.google.firebase:firebase-iid:17.0.3] AndroidManifest.xml:26:5-82
21-->[com.google.firebase:firebase-iid:17.0.3] AndroidManifest.xml:26:22-79
22
23    <application
23-->src\main\AndroidManifest.xml:15:5-130:19
24        android:allowBackup="true"
24-->src\main\AndroidManifest.xml:17:9-35
25        android:appComponentFactory="androidx.core.app.CoreComponentFactory"
25-->[androidx.core:core:1.1.0] AndroidManifest.xml:24:18-86
26        android:debuggable="true"
27        android:icon="@drawable/newsicon"
27-->src\main\AndroidManifest.xml:18:9-42
28        android:label="@string/app_name"
28-->src\main\AndroidManifest.xml:19:9-41
29        android:roundIcon="@mipmap/ic_launcher_round"
29-->src\main\AndroidManifest.xml:20:9-54
30        android:supportsRtl="true"
30-->src\main\AndroidManifest.xml:21:9-35
31        android:theme="@style/AppTheme" >
31-->src\main\AndroidManifest.xml:22:9-40
32        <activity android:name="com.example.worldnewsapp.RatingActivity.Ratin1Activity" />
32-->src\main\AndroidManifest.xml:25:9-76
32-->src\main\AndroidManifest.xml:25:19-64
33        <activity android:name="com.example.worldnewsapp.RatingActivity.RatingActivity" />
33-->src\main\AndroidManifest.xml:26:9-67
33-->src\main\AndroidManifest.xml:26:19-64
34        <activity android:name="com.example.worldnewsapp.Communicate.BdJobActivity" />
34-->src\main\AndroidManifest.xml:27:9-63
34-->src\main\AndroidManifest.xml:27:19-60
35        <activity android:name="com.example.worldnewsapp.Communicate.ContactActivity" />
35-->src\main\AndroidManifest.xml:28:9-65
35-->src\main\AndroidManifest.xml:28:19-62
36        <activity android:name="com.example.worldnewsapp.WebSideListBD.JugantorActivity" />
36-->src\main\AndroidManifest.xml:29:9-68
36-->src\main\AndroidManifest.xml:29:19-65
37        <activity android:name="com.example.worldnewsapp.WebSideListBD.SomokalActivity" />
37-->src\main\AndroidManifest.xml:30:9-67
37-->src\main\AndroidManifest.xml:30:19-64
38        <activity android:name="com.example.worldnewsapp.WebSideListBD.AmaderSommoyActivity" />
38-->src\main\AndroidManifest.xml:31:9-72
38-->src\main\AndroidManifest.xml:31:19-69
39        <activity android:name="com.example.worldnewsapp.WebSideListBD.TheDailyStarActivity" />
39-->src\main\AndroidManifest.xml:32:9-72
39-->src\main\AndroidManifest.xml:32:19-69
40        <activity android:name="com.example.worldnewsapp.WebSideListBD.DailyIttefakActivity" />
40-->src\main\AndroidManifest.xml:33:9-72
40-->src\main\AndroidManifest.xml:33:19-69
41        <activity android:name="com.example.worldnewsapp.WebSideListBD.BangladeshProtidinActivity" />
41-->src\main\AndroidManifest.xml:34:9-78
41-->src\main\AndroidManifest.xml:34:19-75
42        <activity android:name="com.example.worldnewsapp.WebSideListBD.ProtomAloActivity" />
42-->src\main\AndroidManifest.xml:35:9-69
42-->src\main\AndroidManifest.xml:35:19-66
43        <activity android:name="com.example.worldnewsapp.WebSideListBD.WebListActivity" />
43-->src\main\AndroidManifest.xml:36:9-67
43-->src\main\AndroidManifest.xml:36:19-64
44        <activity
44-->src\main\AndroidManifest.xml:39:9-41:53
45            android:name="com.example.worldnewsapp.LiveTVActivity.Tv8Activity"
45-->src\main\AndroidManifest.xml:40:13-55
46            android:screenOrientation="landscape" />
46-->src\main\AndroidManifest.xml:41:13-50
47        <activity
47-->src\main\AndroidManifest.xml:42:9-44:53
48            android:name="com.example.worldnewsapp.LiveTVActivity.Tv7Activity"
48-->src\main\AndroidManifest.xml:43:13-55
49            android:screenOrientation="landscape" />
49-->src\main\AndroidManifest.xml:44:13-50
50        <activity
50-->src\main\AndroidManifest.xml:45:9-47:53
51            android:name="com.example.worldnewsapp.LiveTVActivity.Tv6Activity"
51-->src\main\AndroidManifest.xml:46:13-55
52            android:screenOrientation="landscape" />
52-->src\main\AndroidManifest.xml:47:13-50
53        <activity
53-->src\main\AndroidManifest.xml:48:9-50:53
54            android:name="com.example.worldnewsapp.LiveTVActivity.Tv5Activity"
54-->src\main\AndroidManifest.xml:49:13-55
55            android:screenOrientation="landscape" />
55-->src\main\AndroidManifest.xml:50:13-50
56        <activity
56-->src\main\AndroidManifest.xml:51:9-53:53
57            android:name="com.example.worldnewsapp.LiveTVActivity.Tv4Activity"
57-->src\main\AndroidManifest.xml:52:13-55
58            android:screenOrientation="landscape" />
58-->src\main\AndroidManifest.xml:53:13-50
59        <activity
59-->src\main\AndroidManifest.xml:54:9-56:53
60            android:name="com.example.worldnewsapp.LiveTVActivity.Tv3Activity"
60-->src\main\AndroidManifest.xml:55:13-55
61            android:screenOrientation="landscape" />
61-->src\main\AndroidManifest.xml:56:13-50
62        <activity
62-->src\main\AndroidManifest.xml:57:9-59:53
63            android:name="com.example.worldnewsapp.LiveTVActivity.Tv2Activity"
63-->src\main\AndroidManifest.xml:58:13-55
64            android:screenOrientation="landscape" />
64-->src\main\AndroidManifest.xml:59:13-50
65        <activity
65-->src\main\AndroidManifest.xml:60:9-62:53
66            android:name="com.example.worldnewsapp.LiveTVActivity.Tv1Activity"
66-->src\main\AndroidManifest.xml:61:13-55
67            android:screenOrientation="landscape" />
67-->src\main\AndroidManifest.xml:62:13-50
68        <activity android:name="com.example.worldnewsapp.LiveTVActivity.GtvActivity" />
68-->src\main\AndroidManifest.xml:66:9-64
68-->src\main\AndroidManifest.xml:66:19-61
69        <activity android:name="com.example.worldnewsapp.LiveTVActivity.ChannelActivity" />
69-->src\main\AndroidManifest.xml:67:9-68
69-->src\main\AndroidManifest.xml:67:19-65
70        <activity android:name="com.example.worldnewsapp.LiveTVActivity.NTVActivity" />
70-->src\main\AndroidManifest.xml:68:9-64
70-->src\main\AndroidManifest.xml:68:19-61
71        <activity android:name="com.example.worldnewsapp.GellaryActivity.GellaryActivitypic12" />
71-->src\main\AndroidManifest.xml:72:9-74
71-->src\main\AndroidManifest.xml:72:19-71
72        <activity android:name="com.example.worldnewsapp.GellaryActivity.GellaryActivitypic11" />
72-->src\main\AndroidManifest.xml:73:9-74
72-->src\main\AndroidManifest.xml:73:19-71
73        <activity android:name="com.example.worldnewsapp.GellaryActivity.GellaryActivitypic10" />
73-->src\main\AndroidManifest.xml:74:9-74
73-->src\main\AndroidManifest.xml:74:19-71
74        <activity android:name="com.example.worldnewsapp.GellaryActivity.GellaryActivitypic9" />
74-->src\main\AndroidManifest.xml:75:9-73
74-->src\main\AndroidManifest.xml:75:19-70
75        <activity android:name="com.example.worldnewsapp.GellaryActivity.GellaryActivitypic8" />
75-->src\main\AndroidManifest.xml:76:9-73
75-->src\main\AndroidManifest.xml:76:19-70
76        <activity android:name="com.example.worldnewsapp.GellaryActivity.GellaryActivitypic7" />
76-->src\main\AndroidManifest.xml:77:9-73
76-->src\main\AndroidManifest.xml:77:19-70
77        <activity android:name="com.example.worldnewsapp.GellaryActivity.GellaryActivitypic6" />
77-->src\main\AndroidManifest.xml:78:9-73
77-->src\main\AndroidManifest.xml:78:19-70
78        <activity android:name="com.example.worldnewsapp.GellaryActivity.GellaryActivityPic5" />
78-->src\main\AndroidManifest.xml:79:9-73
78-->src\main\AndroidManifest.xml:79:19-70
79        <activity android:name="com.example.worldnewsapp.GellaryActivity.GellaryActivitypic4" />
79-->src\main\AndroidManifest.xml:80:9-73
79-->src\main\AndroidManifest.xml:80:19-70
80        <activity android:name="com.example.worldnewsapp.GellaryActivity.GellaryActivitypic3" />
80-->src\main\AndroidManifest.xml:81:9-73
80-->src\main\AndroidManifest.xml:81:19-70
81        <activity android:name="com.example.worldnewsapp.GellaryActivity.GellaryActivityPic2" />
81-->src\main\AndroidManifest.xml:82:9-73
81-->src\main\AndroidManifest.xml:82:19-70
82        <activity android:name="com.example.worldnewsapp.GellaryActivity.GellaryActivityPic1" />
82-->src\main\AndroidManifest.xml:83:9-73
82-->src\main\AndroidManifest.xml:83:19-70
83        <activity android:name="com.example.worldnewsapp.GellaryActivity.GellaryNewsActivity" />
83-->src\main\AndroidManifest.xml:84:9-73
83-->src\main\AndroidManifest.xml:84:19-70
84        <activity android:name="com.example.worldnewsapp.NewsFeedActivity.NewsActivityFedd3" />
84-->src\main\AndroidManifest.xml:88:9-72
84-->src\main\AndroidManifest.xml:88:19-69
85        <activity android:name="com.example.worldnewsapp.NewsFeedActivity.NewsActivityFeed2" />
85-->src\main\AndroidManifest.xml:89:9-72
85-->src\main\AndroidManifest.xml:89:19-69
86        <activity android:name="com.example.worldnewsapp.NewsFeedActivity.NewsActivityFeed1" />
86-->src\main\AndroidManifest.xml:90:9-72
86-->src\main\AndroidManifest.xml:90:19-69
87        <activity android:name="com.example.worldnewsapp.NewsFeedActivity.NewsFeedActivity" />
87-->src\main\AndroidManifest.xml:91:9-71
87-->src\main\AndroidManifest.xml:91:19-68
88        <activity android:name="com.example.worldnewsapp.Activity.MainActivity" />
88-->src\main\AndroidManifest.xml:95:9-59
88-->src\main\AndroidManifest.xml:95:19-56
89        <activity android:name="com.example.worldnewsapp.Activity.SplashScreenActivity" />
89-->src\main\AndroidManifest.xml:96:9-67
89-->src\main\AndroidManifest.xml:96:19-64
90        <activity android:name="com.example.worldnewsapp.Activity.FirstActivity" >
90-->src\main\AndroidManifest.xml:97:9-109:20
90-->src\main\AndroidManifest.xml:97:19-57
91            <intent-filter>
91-->src\main\AndroidManifest.xml:101:13-105:29
92                <action android:name="android.intent.action.MAIN" />
92-->src\main\AndroidManifest.xml:102:17-69
92-->src\main\AndroidManifest.xml:102:25-66
93
94                <category android:name="android.intent.category.LAUNCHER" />
94-->src\main\AndroidManifest.xml:104:17-77
94-->src\main\AndroidManifest.xml:104:27-74
95            </intent-filter>
96        </activity>
97        <activity android:name="com.example.worldnewsapp.WebView.ListNews" />
97-->src\main\AndroidManifest.xml:110:9-54
97-->src\main\AndroidManifest.xml:110:19-51
98        <activity android:name="com.example.worldnewsapp.WebView.DetailArticle" />
98-->src\main\AndroidManifest.xml:111:9-59
98-->src\main\AndroidManifest.xml:111:19-56
99        <activity
99-->src\main\AndroidManifest.xml:114:9-122:20
100            android:name="com.example.worldnewsapp.Activity.SettingActivity"
100-->src\main\AndroidManifest.xml:115:13-53
101            android:label="@string/action_settings"
101-->src\main\AndroidManifest.xml:116:13-52
102            android:screenOrientation="portrait"
102-->src\main\AndroidManifest.xml:117:13-49
103            android:theme="@style/AppTheme.NoActionBar" >
103-->src\main\AndroidManifest.xml:118:13-56
104            <meta-data
104-->src\main\AndroidManifest.xml:119:13-121:58
105                android:name="android.support.PARENT_ACTIVITY"
105-->src\main\AndroidManifest.xml:120:17-63
106                android:value=".Activity.MainActivity" />
106-->src\main\AndroidManifest.xml:121:17-55
107        </activity>
108        <activity
108-->src\main\AndroidManifest.xml:125:9-127:53
109            android:name="com.example.worldnewsapp.Activity.VideoFullScreen"
109-->src\main\AndroidManifest.xml:126:13-53
110            android:screenOrientation="landscape" />
110-->src\main\AndroidManifest.xml:127:13-50
111        <activity
111-->[com.karumi:dexter:6.0.0] AndroidManifest.xml:27:9-29:72
112            android:name="com.karumi.dexter.DexterActivity"
112-->[com.karumi:dexter:6.0.0] AndroidManifest.xml:28:13-60
113            android:theme="@style/Dexter.Internal.Theme.Transparent" />
113-->[com.karumi:dexter:6.0.0] AndroidManifest.xml:29:13-69
114
115        <receiver
115-->[com.google.android.gms:play-services-cast-framework:16.1.2] AndroidManifest.xml:10:9-12:40
116            android:name="com.google.android.gms.cast.framework.media.MediaIntentReceiver"
116-->[com.google.android.gms:play-services-cast-framework:16.1.2] AndroidManifest.xml:11:13-91
117            android:exported="false" />
117-->[com.google.android.gms:play-services-cast-framework:16.1.2] AndroidManifest.xml:12:13-37
118
119        <service
119-->[com.google.android.gms:play-services-cast-framework:16.1.2] AndroidManifest.xml:14:9-16:40
120            android:name="com.google.android.gms.cast.framework.media.MediaNotificationService"
120-->[com.google.android.gms:play-services-cast-framework:16.1.2] AndroidManifest.xml:15:13-96
121            android:exported="false" />
121-->[com.google.android.gms:play-services-cast-framework:16.1.2] AndroidManifest.xml:16:13-37
122        <service
122-->[com.google.android.gms:play-services-cast-framework:16.1.2] AndroidManifest.xml:17:9-19:40
123            android:name="com.google.android.gms.cast.framework.ReconnectionService"
123-->[com.google.android.gms:play-services-cast-framework:16.1.2] AndroidManifest.xml:18:13-85
124            android:exported="false" />
124-->[com.google.android.gms:play-services-cast-framework:16.1.2] AndroidManifest.xml:19:13-37
125
126        <activity
126-->[com.google.firebase:firebase-auth:16.0.5] AndroidManifest.xml:24:9-31:50
127            android:name="com.google.firebase.auth.internal.FederatedSignInActivity"
127-->[com.google.firebase:firebase-auth:16.0.5] AndroidManifest.xml:25:13-85
128            android:excludeFromRecents="true"
128-->[com.google.firebase:firebase-auth:16.0.5] AndroidManifest.xml:26:13-46
129            android:exported="true"
129-->[com.google.firebase:firebase-auth:16.0.5] AndroidManifest.xml:27:13-36
130            android:launchMode="singleTask"
130-->[com.google.firebase:firebase-auth:16.0.5] AndroidManifest.xml:28:13-44
131            android:permission="com.google.firebase.auth.api.gms.permission.LAUNCH_FEDERATED_SIGN_IN"
131-->[com.google.firebase:firebase-auth:16.0.5] AndroidManifest.xml:29:13-102
132            android:theme="@android:style/Theme.Translucent.NoTitleBar" />
132-->[com.google.firebase:firebase-auth:16.0.5] AndroidManifest.xml:30:13-72
133
134        <service
134-->[com.google.firebase:firebase-auth:16.0.5] AndroidManifest.xml:33:9-39:19
135            android:name="com.google.firebase.components.ComponentDiscoveryService"
135-->[com.google.firebase:firebase-auth:16.0.5] AndroidManifest.xml:34:13-84
136            android:exported="false" >
136-->[com.google.firebase:firebase-auth:16.0.5] AndroidManifest.xml:35:13-37
137            <meta-data
137-->[com.google.firebase:firebase-auth:16.0.5] AndroidManifest.xml:36:13-38:85
138                android:name="com.google.firebase.components:com.google.firebase.auth.FirebaseAuthRegistrar"
138-->[com.google.firebase:firebase-auth:16.0.5] AndroidManifest.xml:37:17-109
139                android:value="com.google.firebase.components.ComponentRegistrar" />
139-->[com.google.firebase:firebase-auth:16.0.5] AndroidManifest.xml:38:17-82
140            <meta-data
140-->[com.google.firebase:firebase-measurement-connector-impl:17.0.2] AndroidManifest.xml:28:13-30:85
141                android:name="com.google.firebase.components:com.google.firebase.analytics.connector.internal.AnalyticsConnectorRegistrar"
141-->[com.google.firebase:firebase-measurement-connector-impl:17.0.2] AndroidManifest.xml:29:17-139
142                android:value="com.google.firebase.components.ComponentRegistrar" />
142-->[com.google.firebase:firebase-measurement-connector-impl:17.0.2] AndroidManifest.xml:30:17-82
143            <meta-data
143-->[com.google.firebase:firebase-iid:17.0.3] AndroidManifest.xml:32:13-34:85
144                android:name="com.google.firebase.components:com.google.firebase.iid.Registrar"
144-->[com.google.firebase:firebase-iid:17.0.3] AndroidManifest.xml:33:17-96
145                android:value="com.google.firebase.components.ComponentRegistrar" />
145-->[com.google.firebase:firebase-iid:17.0.3] AndroidManifest.xml:34:17-82
146        </service>
147
148        <provider
148-->[com.squareup.picasso:picasso:2.71828] AndroidManifest.xml:8:9-11:40
149            android:name="com.squareup.picasso.PicassoProvider"
149-->[com.squareup.picasso:picasso:2.71828] AndroidManifest.xml:9:13-64
150            android:authorities="com.example.worldnewsapp.com.squareup.picasso"
150-->[com.squareup.picasso:picasso:2.71828] AndroidManifest.xml:10:13-72
151            android:exported="false" />
151-->[com.squareup.picasso:picasso:2.71828] AndroidManifest.xml:11:13-37
152
153        <receiver
153-->[com.google.firebase:firebase-analytics:16.0.4] AndroidManifest.xml:29:9-33:20
154            android:name="com.google.android.gms.measurement.AppMeasurementReceiver"
154-->[com.google.firebase:firebase-analytics:16.0.4] AndroidManifest.xml:30:13-85
155            android:enabled="true"
155-->[com.google.firebase:firebase-analytics:16.0.4] AndroidManifest.xml:31:13-35
156            android:exported="false" >
156-->[com.google.firebase:firebase-analytics:16.0.4] AndroidManifest.xml:32:13-37
157        </receiver>
158        <receiver
158-->[com.google.firebase:firebase-analytics:16.0.4] AndroidManifest.xml:34:9-42:20
159            android:name="com.google.android.gms.measurement.AppMeasurementInstallReferrerReceiver"
159-->[com.google.firebase:firebase-analytics:16.0.4] AndroidManifest.xml:35:13-100
160            android:enabled="true"
160-->[com.google.firebase:firebase-analytics:16.0.4] AndroidManifest.xml:36:13-35
161            android:exported="true"
161-->[com.google.firebase:firebase-analytics:16.0.4] AndroidManifest.xml:37:13-36
162            android:permission="android.permission.INSTALL_PACKAGES" >
162-->[com.google.firebase:firebase-analytics:16.0.4] AndroidManifest.xml:38:13-69
163            <intent-filter>
163-->[com.google.firebase:firebase-analytics:16.0.4] AndroidManifest.xml:39:13-41:29
164                <action android:name="com.android.vending.INSTALL_REFERRER" />
164-->[com.google.firebase:firebase-analytics:16.0.4] AndroidManifest.xml:40:17-79
164-->[com.google.firebase:firebase-analytics:16.0.4] AndroidManifest.xml:40:25-76
165            </intent-filter>
166        </receiver>
167
168        <service
168-->[com.google.firebase:firebase-analytics:16.0.4] AndroidManifest.xml:44:9-47:40
169            android:name="com.google.android.gms.measurement.AppMeasurementService"
169-->[com.google.firebase:firebase-analytics:16.0.4] AndroidManifest.xml:45:13-84
170            android:enabled="true"
170-->[com.google.firebase:firebase-analytics:16.0.4] AndroidManifest.xml:46:13-35
171            android:exported="false" />
171-->[com.google.firebase:firebase-analytics:16.0.4] AndroidManifest.xml:47:13-37
172        <service
172-->[com.google.firebase:firebase-analytics:16.0.4] AndroidManifest.xml:48:9-52:72
173            android:name="com.google.android.gms.measurement.AppMeasurementJobService"
173-->[com.google.firebase:firebase-analytics:16.0.4] AndroidManifest.xml:49:13-87
174            android:enabled="true"
174-->[com.google.firebase:firebase-analytics:16.0.4] AndroidManifest.xml:50:13-35
175            android:exported="false"
175-->[com.google.firebase:firebase-analytics:16.0.4] AndroidManifest.xml:51:13-37
176            android:permission="android.permission.BIND_JOB_SERVICE" />
176-->[com.google.firebase:firebase-analytics:16.0.4] AndroidManifest.xml:52:13-69
177
178        <receiver
178-->[com.google.firebase:firebase-iid:17.0.3] AndroidManifest.xml:37:9-44:20
179            android:name="com.google.firebase.iid.FirebaseInstanceIdReceiver"
179-->[com.google.firebase:firebase-iid:17.0.3] AndroidManifest.xml:38:13-78
180            android:exported="true"
180-->[com.google.firebase:firebase-iid:17.0.3] AndroidManifest.xml:39:13-36
181            android:permission="com.google.android.c2dm.permission.SEND" >
181-->[com.google.firebase:firebase-iid:17.0.3] AndroidManifest.xml:40:13-73
182            <intent-filter>
182-->[com.google.firebase:firebase-iid:17.0.3] AndroidManifest.xml:41:13-43:29
183                <action android:name="com.google.android.c2dm.intent.RECEIVE" />
183-->[com.google.firebase:firebase-iid:17.0.3] AndroidManifest.xml:42:17-81
183-->[com.google.firebase:firebase-iid:17.0.3] AndroidManifest.xml:42:25-78
184            </intent-filter>
185        </receiver>
186        <!--
187             FirebaseInstanceIdService performs security checks at runtime,
188             no need for explicit permissions despite exported="true"
189        -->
190        <service
190-->[com.google.firebase:firebase-iid:17.0.3] AndroidManifest.xml:50:9-56:19
191            android:name="com.google.firebase.iid.FirebaseInstanceIdService"
191-->[com.google.firebase:firebase-iid:17.0.3] AndroidManifest.xml:51:13-77
192            android:exported="true" >
192-->[com.google.firebase:firebase-iid:17.0.3] AndroidManifest.xml:52:13-36
193            <intent-filter android:priority="-500" >
193-->[com.google.firebase:firebase-iid:17.0.3] AndroidManifest.xml:53:13-55:29
193-->[com.google.firebase:firebase-iid:17.0.3] AndroidManifest.xml:53:28-51
194                <action android:name="com.google.firebase.INSTANCE_ID_EVENT" />
194-->[com.google.firebase:firebase-iid:17.0.3] AndroidManifest.xml:54:17-80
194-->[com.google.firebase:firebase-iid:17.0.3] AndroidManifest.xml:54:25-77
195            </intent-filter>
196        </service>
197
198        <activity
198-->[com.google.android.gms:play-services-base:16.0.1] AndroidManifest.xml:23:9-26:75
199            android:name="com.google.android.gms.common.api.GoogleApiActivity"
199-->[com.google.android.gms:play-services-base:16.0.1] AndroidManifest.xml:24:13-79
200            android:exported="false"
200-->[com.google.android.gms:play-services-base:16.0.1] AndroidManifest.xml:25:13-37
201            android:theme="@android:style/Theme.Translucent.NoTitleBar" />
201-->[com.google.android.gms:play-services-base:16.0.1] AndroidManifest.xml:26:13-72
202
203        <provider
203-->[com.google.firebase:firebase-common:16.0.3] AndroidManifest.xml:10:9-14:39
204            android:name="com.google.firebase.provider.FirebaseInitProvider"
204-->[com.google.firebase:firebase-common:16.0.3] AndroidManifest.xml:11:13-77
205            android:authorities="com.example.worldnewsapp.firebaseinitprovider"
205-->[com.google.firebase:firebase-common:16.0.3] AndroidManifest.xml:12:13-72
206            android:exported="false"
206-->[com.google.firebase:firebase-common:16.0.3] AndroidManifest.xml:13:13-37
207            android:initOrder="100" />
207-->[com.google.firebase:firebase-common:16.0.3] AndroidManifest.xml:14:13-36
208
209        <meta-data
209-->[com.google.android.gms:play-services-basement:16.1.0] AndroidManifest.xml:23:9-25:69
210            android:name="com.google.android.gms.version"
210-->[com.google.android.gms:play-services-basement:16.1.0] AndroidManifest.xml:24:13-58
211            android:value="@integer/google_play_services_version" />
211-->[com.google.android.gms:play-services-basement:16.1.0] AndroidManifest.xml:25:13-66
212    </application>
213
214</manifest>